Determining if the pthread_create exist failed with the following output:
Change Dir: /home/amin/gnss_ws/build/CMakeFiles/CMakeTmp

Run Build Command:"/usr/bin/make" "cmTC_43a3b/fast"
/usr/bin/make -f CMakeFiles/cmTC_43a3b.dir/build.make CMakeFiles/cmTC_43a3b.dir/build
make[1]: Entering directory '/home/amin/gnss_ws/build/CMakeFiles/CMakeTmp'
Building C object CMakeFiles/cmTC_43a3b.dir/CheckSymbolExists.c.o
/usr/bin/cc    -o CMakeFiles/cmTC_43a3b.dir/CheckSymbolExists.c.o   -c /home/amin/gnss_ws/build/CMakeFiles/CMakeTmp/CheckSymbolExists.c
Linking C executable cmTC_43a3b
/usr/bin/cmake -E cmake_link_script CMakeFiles/cmTC_43a3b.dir/link.txt --verbose=1
/usr/bin/cc      -rdynamic CMakeFiles/cmTC_43a3b.dir/CheckSymbolExists.c.o  -o cmTC_43a3b 
CMakeFiles/cmTC_43a3b.dir/CheckSymbolExists.c.o: In function `main':
CheckSymbolExists.c:(.text+0x1b): undefined reference to `pthread_create'
collect2: error: ld returned 1 exit status
CMakeFiles/cmTC_43a3b.dir/build.make:97: recipe for target 'cmTC_43a3b' failed
make[1]: *** [cmTC_43a3b] Error 1
make[1]: Leaving directory '/home/amin/gnss_ws/build/CMakeFiles/CMakeTmp'
Makefile:126: recipe for target 'cmTC_43a3b/fast' failed
make: *** [cmTC_43a3b/fast] Error 2

File /home/amin/gnss_ws/build/CMakeFiles/CMakeTmp/CheckSymbolExists.c:
/* */
#include <pthread.h>

int main(int argc, char** argv)
{
  (void)argv;
#ifndef pthread_create
  return ((int*)(&pthread_create))[argc];
#else
  (void)argc;
  return 0;
#endif
}

Determining if the function pthread_create exists in the pthreads failed with the following output:
Change Dir: /home/amin/gnss_ws/build/CMakeFiles/CMakeTmp

Run Build Command:"/usr/bin/make" "cmTC_27fce/fast"
/usr/bin/make -f CMakeFiles/cmTC_27fce.dir/build.make CMakeFiles/cmTC_27fce.dir/build
make[1]: Entering directory '/home/amin/gnss_ws/build/CMakeFiles/CMakeTmp'
Building C object CMakeFiles/cmTC_27fce.dir/CheckFunctionExists.c.o
/usr/bin/cc   -DCHECK_FUNCTION_EXISTS=pthread_create   -o CMakeFiles/cmTC_27fce.dir/CheckFunctionExists.c.o   -c /usr/share/cmake-3.10/Modules/CheckFunctionExists.c
Linking C executable cmTC_27fce
/usr/bin/cmake -E cmake_link_script CMakeFiles/cmTC_27fce.dir/link.txt --verbose=1
/usr/bin/cc  -DCHECK_FUNCTION_EXISTS=pthread_create    -rdynamic CMakeFiles/cmTC_27fce.dir/CheckFunctionExists.c.o  -o cmTC_27fce -lpthreads 
/usr/bin/ld: cannot find -lpthreads
collect2: error: ld returned 1 exit status
CMakeFiles/cmTC_27fce.dir/build.make:97: recipe for target 'cmTC_27fce' failed
make[1]: *** [cmTC_27fce] Error 1
make[1]: Leaving directory '/home/amin/gnss_ws/build/CMakeFiles/CMakeTmp'
Makefile:126: recipe for target 'cmTC_27fce/fast' failed
make: *** [cmTC_27fce/fast] Error 2


